# JRE version: OpenJDK Runtime Environment (8.0_152-b02) (build 1.8.0_152-release-1024-b02)
# Java VM: OpenJDK 64-Bit Server VM (25.152-b02 mixed mode windows-amd64 compressed oops)
Heap:
 PSYoungGen      total 183296K, used 111212K [0x00000000e0000000, 0x00000000ef600000, 0x0000000100000000)
  eden space 166912K, 64% used [0x00000000e0000000,0x00000000e69841d0,0x00000000ea300000)
  from space 16384K, 19% used [0x00000000ea300000,0x00000000ea6171a0,0x00000000eb300000)
  to   space 16896K, 0% used [0x00000000ee580000,0x00000000ee580000,0x00000000ef600000)
 ParOldGen       total 140288K, used 47929K [0x00000000a0000000, 0x00000000a8900000, 0x00000000e0000000)
  object space 140288K, 34% used [0x00000000a0000000,0x00000000a2ece600,0x00000000a8900000)
 Metaspace       used 65086K, capacity 67294K, committed 67544K, reserved 1107968K
  class space    used 8628K, capacity 9134K, committed 9216K, reserved 1048576K
GC Heap History (10 events):
Event: 55.985 GC heap before
{Heap before GC invocations=16 (full 3):
 PSYoungGen      total 150016K, used 3766K [0x00000000e0000000, 0x00000000ec300000, 0x0000000100000000)
  eden space 135680K, 0% used [0x00000000e0000000,0x00000000e0000000,0x00000000e8480000)
  from space 14336K, 26% used [0x00000000e8480000,0x00000000e882dbc0,0x00000000e9280000)
  to   space 14336K, 0% used [0x00000000eb500000,0x00000000eb500000,0x00000000ec300000)
 ParOldGen       total 91136K, used 34405K [0x00000000a0000000, 0x00000000a5900000, 0x00000000e0000000)
  object space 91136K, 37% used [0x00000000a0000000,0x00000000a2199630,0x00000000a5900000)
 Metaspace       used 57141K, capacity 58964K, committed 59028K, reserved 1099776K
  class space    used 7701K, capacity 8177K, committed 8192K, reserved 1048576K
Event: 56.653 GC heap after
Heap after GC invocations=16 (full 3):
 PSYoungGen      total 150016K, used 0K [0x00000000e0000000, 0x00000000ec300000, 0x0000000100000000)
  eden space 135680K, 0% used [0x00000000e0000000,0x00000000e0000000,0x00000000e8480000)
  from space 14336K, 0% used [0x00000000e8480000,0x00000000e8480000,0x00000000e9280000)
  to   space 14336K, 0% used [0x00000000eb500000,0x00000000eb500000,0x00000000ec300000)
 ParOldGen       total 140288K, used 34289K [0x00000000a0000000, 0x00000000a8900000, 0x00000000e0000000)
  object space 140288K, 24% used [0x00000000a0000000,0x00000000a217c4c8,0x00000000a8900000)
 Metaspace       used 57141K, capacity 58964K, committed 59028K, reserved 1099776K
  class space    used 7701K, capacity 8177K, committed 8192K, reserved 1048576K
}
Event: 81.136 GC heap before
{Heap before GC invocations=17 (full 3):
 PSYoungGen      total 150016K, used 135355K [0x00000000e0000000, 0x00000000ec300000, 0x0000000100000000)
  eden space 135680K, 99% used [0x00000000e0000000,0x00000000e842ecd8,0x00000000e8480000)
  from space 14336K, 0% used [0x00000000e8480000,0x00000000e8480000,0x00000000e9280000)
  to   space 14336K, 0% used [0x00000000eb500000,0x00000000eb500000,0x00000000ec300000)
 ParOldGen       total 140288K, used 34289K [0x00000000a0000000, 0x00000000a8900000, 0x00000000e0000000)
  object space 140288K, 24% used [0x00000000a0000000,0x00000000a217c4c8,0x00000000a8900000)
 Metaspace       used 63726K, capacity 65706K, committed 65752K, reserved 1105920K
  class space    used 8453K, capacity 8940K, committed 8960K, reserved 1048576K
Event: 81.288 GC heap after
Heap after GC invocations=17 (full 3):
 PSYoungGen      total 178176K, used 14308K [0x00000000e0000000, 0x00000000ec300000, 0x0000000100000000)
  eden space 163840K, 0% used [0x00000000e0000000,0x00000000e0000000,0x00000000ea000000)
  from space 14336K, 99% used [0x00000000eb500000,0x00000000ec2f92a8,0x00000000ec300000)
  to   space 16384K, 0% used [0x00000000ea300000,0x00000000ea300000,0x00000000eb300000)
 ParOldGen       total 140288K, used 34815K [0x00000000a0000000, 0x00000000a8900000, 0x00000000e0000000)
  object space 140288K, 24% used [0x00000000a0000000,0x00000000a21fffc0,0x00000000a8900000)
 Metaspace       used 63726K, capacity 65706K, committed 65752K, reserved 1105920K
  class space    used 8453K, capacity 8940K, committed 8960K, reserved 1048576K
}
Event: 81.657 GC heap before
{Heap before GC invocations=18 (full 3):
 PSYoungGen      total 178176K, used 177180K [0x00000000e0000000, 0x00000000ec300000, 0x0000000100000000)
  eden space 163840K, 99% used [0x00000000e0000000,0x00000000e9f0de00,0x00000000ea000000)
  from space 14336K, 99% used [0x00000000eb500000,0x00000000ec2f92a8,0x00000000ec300000)
  to   space 16384K, 0% used [0x00000000ea300000,0x00000000ea300000,0x00000000eb300000)
 ParOldGen       total 140288K, used 34815K [0x00000000a0000000, 0x00000000a8900000, 0x00000000e0000000)
  object space 140288K, 24% used [0x00000000a0000000,0x00000000a21fffc0,0x00000000a8900000)
 Metaspace       used 63739K, capacity 65706K, committed 65752K, reserved 1105920K
  class space    used 8453K, capacity 8940K, committed 8960K, reserved 1048576K
Event: 81.742 GC heap after
Heap after GC invocations=18 (full 3):
 PSYoungGen      total 180224K, used 32K [0x00000000e0000000, 0x00000000ec300000, 0x0000000100000000)
  eden space 163840K, 0% used [0x00000000e0000000,0x00000000e0000000,0x00000000ea000000)
  from space 16384K, 0% used [0x00000000ea300000,0x00000000ea308000,0x00000000eb300000)
  to   space 14336K, 0% used [0x00000000eb500000,0x00000000eb500000,0x00000000ec300000)
 ParOldGen       total 140288K, used 47873K [0x00000000a0000000, 0x00000000a8900000, 0x00000000e0000000)
  object space 140288K, 34% used [0x00000000a0000000,0x00000000a2ec0600,0x00000000a8900000)
 Metaspace       used 63739K, capacity 65706K, committed 65752K, reserved 1105920K
  class space    used 8453K, capacity 8940K, committed 8960K, reserved 1048576K
}
Event: 81.889 GC heap before
{Heap before GC invocations=19 (full 3):
 PSYoungGen      total 180224K, used 163872K [0x00000000e0000000, 0x00000000ec300000, 0x0000000100000000)
  eden space 163840K, 100% used [0x00000000e0000000,0x00000000ea000000,0x00000000ea000000)
  from space 16384K, 0% used [0x00000000ea300000,0x00000000ea308000,0x00000000eb300000)
  to   space 14336K, 0% used [0x00000000eb500000,0x00000000eb500000,0x00000000ec300000)
 ParOldGen       total 140288K, used 47873K [0x00000000a0000000, 0x00000000a8900000, 0x00000000e0000000)
  object space 140288K, 34% used [0x00000000a0000000,0x00000000a2ec0600,0x00000000a8900000)
 Metaspace       used 63743K, capacity 65770K, committed 66008K, reserved 1105920K
  class space    used 8453K, capacity 8940K, committed 8960K, reserved 1048576K
Event: 81.921 GC heap after
Heap after GC invocations=19 (full 3):
 PSYoungGen      total 178176K, used 96K [0x00000000e0000000, 0x00000000ec300000, 0x0000000100000000)
  eden space 163840K, 0% used [0x00000000e0000000,0x00000000e0000000,0x00000000ea000000)
  from space 14336K, 0% used [0x00000000eb500000,0x00000000eb518000,0x00000000ec300000)
  to   space 16384K, 0% used [0x00000000ea300000,0x00000000ea300000,0x00000000eb300000)
 ParOldGen       total 140288K, used 47905K [0x00000000a0000000, 0x00000000a8900000, 0x00000000e0000000)
  object space 140288K, 34% used [0x00000000a0000000,0x00000000a2ec8600,0x00000000a8900000)
 Metaspace       used 63743K, capacity 65770K, committed 66008K, reserved 1105920K
  class space    used 8453K, capacity 8940K, committed 8960K, reserved 1048576K
}
Event: 102.600 GC heap before
{Heap before GC invocations=20 (full 3):
 PSYoungGen      total 178176K, used 163936K [0x00000000e0000000, 0x00000000ec300000, 0x0000000100000000)
  eden space 163840K, 100% used [0x00000000e0000000,0x00000000ea000000,0x00000000ea000000)
  from space 14336K, 0% used [0x00000000eb500000,0x00000000eb518000,0x00000000ec300000)
  to   space 16384K, 0% used [0x00000000ea300000,0x00000000ea300000,0x00000000eb300000)
 ParOldGen       total 140288K, used 47905K [0x00000000a0000000, 0x00000000a8900000, 0x00000000e0000000)
  object space 140288K, 34% used [0x00000000a0000000,0x00000000a2ec8600,0x00000000a8900000)
 Metaspace       used 64485K, capacity 66632K, committed 66904K, reserved 1107968K
  class space    used 8556K, capacity 9039K, committed 9088K, reserved 1048576K
Event: 102.628 GC heap after
Heap after GC invocations=20 (full 3):
 PSYoungGen      total 183296K, used 3164K [0x00000000e0000000, 0x00000000ef600000, 0x0000000100000000)
  eden space 166912K, 0% used [0x00000000e0000000,0x00000000e0000000,0x00000000ea300000)
  from space 16384K, 19% used [0x00000000ea300000,0x00000000ea6171a0,0x00000000eb300000)
  to   space 16896K, 0% used [0x00000000ee580000,0x00000000ee580000,0x00000000ef600000)
 ParOldGen       total 140288K, used 47929K [0x00000000a0000000, 0x00000000a8900000, 0x00000000e0000000)
  object space 140288K, 34% used [0x00000000a0000000,0x00000000a2ece600,0x00000000a8900000)
 Metaspace       used 64485K, capacity 66632K, committed 66904K, reserved 1107968K
  class space    used 8556K, capacity 9039K, committed 9088K, reserved 1048576K
}

